Could not find course with name AE 7785
Could not find course with name ECE 7785
Could not find course with name ME 7785
Could not find course with name CS 4600
Could not find course with name ISYE 6795
Could not find course with name PSYC 6795
Could not find course with name CS 4600
Could not find course with name CS 4631
Could not find course with name CS 4600
Could not find course with name CS 4600
Could not find course with name CS 4600
Could not find course with name CS 4451
Could not find course with name CS 4451
Could not find course with name PSYC 6750
Could not find course with name ECE 6786
Could not find course with name BMED 6786
Could not find course with name CS 4451
Could not find course with name CS 3500
Could not find course with name CS 4600
Could not find course with name PSYC 6750
Could not find course with name PSYC 6750
Could not find course with name MATH 3215
Could not find course with name MATH 3225
Could not find course with name CS 3500
Could not find course with name PST 3790
Could not find course with name PSYC 3790
Could not find course with name ISYE 3790
Could not find course with name PSYC 3750
Could not find course with name LCC 2700
Could not find course with name PSYC 3750
Could not find course with name CS 1050
Could not find course with name MATH 3215
Could not find course with name MATH 3225
Could not find course with name MATH 3770
Could not find course with name ISYE 3770
Could not find course with name CE 3770
Could not find course with name ISYE 2028
Could not find course with name MATH 2605
Could not find course with name MATH 2401
Could not find course with name MATH 2411
Could not find course with name MATH 24X1
Could not find course with name MGT 2200
Could not find course with name ECE 2031
Could not find course with name LMC 3432
Could not find course with name CS 1322
Could not find course with name MATH 3012
Could not find course with name CS 4451
Could not find course with name MATH 3012
Could not find course with name MATH 2605
Could not find course with name MATH 2401
Could not find course with name MATH 2411
Could not find course with name MATH 24X1
Could not find course with name CS 3500
Could not find course with name AE 8750
Could not find course with name ECE 8750
Could not find course with name ME 8750
Could not find course with name PSYC 6750
Could not find course with name CS 4499
Could not find course with name MATH 2605
Could not find course with name MATH 2401
Could not find course with name MATH 24X1
Could not find course with name MATH 2411
Could not find course with name MATH 2605
Could not find course with name MATH 2401
Could not find course with name MATH 24X1
Could not find course with name MATH 2411
Could not find course with name MATH 1553
Could not find course with name MATH 1554
Could not find course with name MATH 1564
Could not find course with name ISYE 2027
Could not find course with name ISYE 2028
Could not find course with name MATH 3215
Could not find course with name MATH 3770
Could not find course with name MATH 3670
Could not find course with name CEE 3770
Could not find course with name ISYE 3770
Could not find course with name MATH 3012
Could not find course with name CS 1321
Could not find course with name CS 15XX
Could not find course with name CS 13X1
Could not find course with name ISYE 2027
Could not find course with name ISYE 2028
Could not find course with name MATH 3215
Could not find course with name MATH 3770
Could not find course with name MATH 3670
Could not find course with name CEE 3770
Could not find course with name ISYE 3770
Could not find course with name MATH 3012
